<?xml version="1.0" encoding="UTF-8"?>
<!-- Generated by org.testng.reporters.JUnitXMLReporter -->
<testsuite ignored="14" hostname="DESKTOP-K409HTC" failures="1" tests="1" name="Default test" time="170.254" errors="0" timestamp="2024-07-08T16:24:24 IST">
  <testcase classname="test.LandingPageTesting" name="verifyAllLinksOnTheFlipkartLandingPageIsWorking" time="165.777">
    <failure type="org.openqa.selenium.StaleElementReferenceException" message="stale element reference: stale element not found in the current frame
  (Session info: chrome=126.0.6478.127)
For documentation on this error, please visit: https://www.selenium.dev/documentation/webdriver/troubleshooting/errors#stale-element-reference-exception
Build info: version: &amp;apos;4.22.0&amp;apos;, revision: &amp;apos;c5f3146703*&amp;apos;
System info: os.name: &amp;apos;Windows 10&amp;apos;, os.arch: &amp;apos;amd64&amp;apos;, os.version: &amp;apos;10.0&amp;apos;, java.version: &amp;apos;17.0.6&amp;apos;
Driver info: org.openqa.selenium.chrome.ChromeDriver
Command: [34664248c3c13ea33ead3c534a8862e0, getElementAttribute {id=f.885F918409745FA109A12BF2B0F4793C.d.98E37CEB956672AEFE1CA520FD3F8DF0.e.125, name=href}]
Capabilities {acceptInsecureCerts: false, browserName: chrome, browserVersion: 126.0.6478.127, chrome: {chromedriverVersion: 126.0.6478.126 (d36ace6122e..., userDataDir: C:\Users\KUNALS~1\AppData\L...}, fedcm:accounts: true, goog:chromeOptions: {debuggerAddress: localhost:59880}, networkConnectionEnabled: false, pageLoadStrategy: normal, platformName: windows, proxy: Proxy(), se:cdp: ws://localhost:59880/devtoo..., se:cdpVersion: 126.0.6478.127, setWindowRect: true, strictFileInteractability: false, timeouts: {implicit: 0, pageLoad: 300000, script: 30000}, unhandledPromptBehavior: dismiss and notify, webauthn:extension:credBlob: true, webauthn:extension:largeBlob: true, webauthn:extension:minPinLength: true, webauthn:extension:prf: true, webauthn:virtualAuthenticators: true}
Element: [[ChromeDriver: chrome on windows (34664248c3c13ea33ead3c534a8862e0)] -&amp;gt; tag name: a]
Session ID: 34664248c3c13ea33ead3c534a8862e0">
      <![CDATA[org.openqa.selenium.StaleElementReferenceException: stale element reference: stale element not found in the current frame
  (Session info: chrome=126.0.6478.127)
For documentation on this error, please visit: https://www.selenium.dev/documentation/webdriver/troubleshooting/errors#stale-element-reference-exception
Build info: version: '4.22.0', revision: 'c5f3146703*'
System info: os.name: 'Windows 10', os.arch: 'amd64', os.version: '10.0', java.version: '17.0.6'
Driver info: org.openqa.selenium.chrome.ChromeDriver
Command: [34664248c3c13ea33ead3c534a8862e0, getElementAttribute {id=f.885F918409745FA109A12BF2B0F4793C.d.98E37CEB956672AEFE1CA520FD3F8DF0.e.125, name=href}]
Capabilities {acceptInsecureCerts: false, browserName: chrome, browserVersion: 126.0.6478.127, chrome: {chromedriverVersion: 126.0.6478.126 (d36ace6122e..., userDataDir: C:\Users\KUNALS~1\AppData\L...}, fedcm:accounts: true, goog:chromeOptions: {debuggerAddress: localhost:59880}, networkConnectionEnabled: false, pageLoadStrategy: normal, platformName: windows, proxy: Proxy(), se:cdp: ws://localhost:59880/devtoo..., se:cdpVersion: 126.0.6478.127, setWindowRect: true, strictFileInteractability: false, timeouts: {implicit: 0, pageLoad: 300000, script: 30000}, unhandledPromptBehavior: dismiss and notify, webauthn:extension:credBlob: true, webauthn:extension:largeBlob: true, webauthn:extension:minPinLength: true, webauthn:extension:prf: true, webauthn:virtualAuthenticators: true}
Element: [[ChromeDriver: chrome on windows (34664248c3c13ea33ead3c534a8862e0)] -> tag name: a]
Session ID: 34664248c3c13ea33ead3c534a8862e0
at java.base/jdk.internal.reflect.NativeConstructorAccessorImpl.newInstance0(Native Method)
at java.base/jdk.internal.reflect.NativeConstructorAccessorImpl.newInstance(NativeConstructorAccessorImpl.java:77)
at java.base/jdk.internal.reflect.DelegatingConstructorAccessorImpl.newInstance(DelegatingConstructorAccessorImpl.java:45)
at java.base/java.lang.reflect.Constructor.newInstanceWithCaller(Constructor.java:499)
at java.base/java.lang.reflect.Constructor.newInstance(Constructor.java:480)
at org.openqa.selenium.remote.ErrorCodec.decode(ErrorCodec.java:167)
at org.openqa.selenium.remote.codec.w3c.W3CHttpResponseCodec.decode(W3CHttpResponseCodec.java:138)
at org.openqa.selenium.remote.codec.w3c.W3CHttpResponseCodec.decode(W3CHttpResponseCodec.java:50)
at org.openqa.selenium.remote.HttpCommandExecutor.execute(HttpCommandExecutor.java:190)
at org.openqa.selenium.remote.service.DriverCommandExecutor.invokeExecute(DriverCommandExecutor.java:216)
at org.openqa.selenium.remote.service.DriverCommandExecutor.execute(DriverCommandExecutor.java:174)
at org.openqa.selenium.remote.RemoteWebDriver.execute(RemoteWebDriver.java:518)
at org.openqa.selenium.remote.RemoteWebElement.execute(RemoteWebElement.java:223)
at org.openqa.selenium.remote.RemoteWebElement.getAttribute(RemoteWebElement.java:149)
at utility.BrokenLinks.checkAllLiksAreWorking(BrokenLinks.java:25)
at test.LandingPageTesting.verifyAllLinksOnTheFlipkartLandingPageIsWorking(LandingPageTesting.java:557)
at java.base/jdk.internal.reflect.NativeMethodAccessorImpl.invoke0(Native Method)
at java.base/jdk.internal.reflect.NativeMethodAccessorImpl.invoke(NativeMethodAccessorImpl.java:77)
at java.base/jdk.internal.reflect.DelegatingMethodAccessorImpl.invoke(DelegatingMethodAccessorImpl.java:43)
at java.base/java.lang.reflect.Method.invoke(Method.java:568)
at org.testng.internal.invokers.MethodInvocationHelper.invokeMethod(MethodInvocationHelper.java:139)
at org.testng.internal.invokers.TestInvoker.invokeMethod(TestInvoker.java:664)
at org.testng.internal.invokers.TestInvoker.invokeTestMethod(TestInvoker.java:227)
at org.testng.internal.invokers.MethodRunner.runInSequence(MethodRunner.java:50)
at org.testng.internal.invokers.TestInvoker$MethodInvocationAgent.invoke(TestInvoker.java:957)
at org.testng.internal.invokers.TestInvoker.invokeTestMethods(TestInvoker.java:200)
at org.testng.internal.invokers.TestMethodWorker.invokeTestMethods(TestMethodWorker.java:148)
at org.testng.internal.invokers.TestMethodWorker.run(TestMethodWorker.java:128)
at java.base/java.util.ArrayList.forEach(ArrayList.java:1511)
at org.testng.TestRunner.privateRun(TestRunner.java:848)
at org.testng.TestRunner.run(TestRunner.java:621)
at org.testng.SuiteRunner.runTest(SuiteRunner.java:443)
at org.testng.SuiteRunner.runSequentially(SuiteRunner.java:437)
at org.testng.SuiteRunner.privateRun(SuiteRunner.java:397)
at org.testng.SuiteRunner.run(SuiteRunner.java:336)
at org.testng.SuiteRunnerWorker.runSuite(SuiteRunnerWorker.java:52)
at org.testng.SuiteRunnerWorker.run(SuiteRunnerWorker.java:95)
at org.testng.TestNG.runSuitesSequentially(TestNG.java:1280)
at org.testng.TestNG.runSuitesLocally(TestNG.java:1200)
at org.testng.TestNG.runSuites(TestNG.java:1114)
at org.testng.TestNG.run(TestNG.java:1082)
at org.testng.remote.AbstractRemoteTestNG.run(AbstractRemoteTestNG.java:115)
at org.testng.remote.RemoteTestNG.initAndRun(RemoteTestNG.java:251)
at org.testng.remote.RemoteTestNG.main(RemoteTestNG.java:77)
]]>
    </failure>
  </testcase> <!-- verifyAllLinksOnTheFlipkartLandingPageIsWorking -->
  <testcase classname="test.LandingPageTesting" name="selectPriceOfMobileFromTwentyThouandToThirtyThousandPlusFromPriceFilterSlider" time="0.0">
    <ignored/>
  </testcase> <!-- selectPriceOfMobileFromTwentyThouandToThirtyThousandPlusFromPriceFilterSlider -->
  <testcase classname="test.LandingPageTesting" name="selectSamsungMobileFromBrandsOptionsFromFilterByUsingSearchFieldOnBrandFilterWindow" time="0.0">
    <ignored/>
  </testcase> <!-- selectSamsungMobileFromBrandsOptionsFromFilterByUsingSearchFieldOnBrandFilterWindow -->
  <testcase classname="test.LandingPageTesting" name="verifyUserAbleToAddMobileInCartAndThatIsDisplayedInAddToCartPage" time="0.0">
    <ignored/>
  </testcase> <!-- verifyUserAbleToAddMobileInCartAndThatIsDisplayedInAddToCartPage -->
  <testcase classname="test.LandingPageTesting" name="verifyDiscuoutIsReducedFromThePriceAndValidateTotalAmmoutToBuyMobile" time="0.0">
    <ignored/>
  </testcase> <!-- verifyDiscuoutIsReducedFromThePriceAndValidateTotalAmmoutToBuyMobile -->
  <testcase classname="test.LandingPageTesting" name="verifyUserIsAbleToSearchProductsOnByEnetringInputsOnSearchField" time="0.0">
    <ignored/>
  </testcase> <!-- verifyUserIsAbleToSearchProductsOnByEnetringInputsOnSearchField -->
  <testcase classname="test.LandingPageTesting" name="verifyUserIsAbleToDecreaseTheQuantityOfProductInAddToCartPageByClickOnMinusSign" time="0.0">
    <ignored/>
  </testcase> <!-- verifyUserIsAbleToDecreaseTheQuantityOfProductInAddToCartPageByClickOnMinusSign -->
  <testcase classname="test.LandingPageTesting" name="selectRAMFromRAMCheckboxOnMobilePhonesPage" time="0.0">
    <ignored/>
  </testcase> <!-- selectRAMFromRAMCheckboxOnMobilePhonesPage -->
  <testcase classname="test.LandingPageTesting" name="printTheCheapestAndCostliestPhoneWithItsNameAndPriceOnMobilePhonesPage" time="0.0">
    <ignored/>
  </testcase> <!-- printTheCheapestAndCostliestPhoneWithItsNameAndPriceOnMobilePhonesPage -->
  <testcase classname="test.LandingPageTesting" name="verifyUserIsAbleToIncreaseTheQuantityOfTheProductInAddToCartPageByUsingTheNumberInput" time="0.0">
    <ignored/>
  </testcase> <!-- verifyUserIsAbleToIncreaseTheQuantityOfTheProductInAddToCartPageByUsingTheNumberInput -->
  <testcase classname="test.LandingPageTesting" name="verifyAfterSucessfullIncreaseTheQuantityOfTheProductInAddToCartPageThenPupupTextIsDisplayedToUser" time="0.0">
    <ignored/>
  </testcase> <!-- verifyAfterSucessfullIncreaseTheQuantityOfTheProductInAddToCartPageThenPupupTextIsDisplayedToUser -->
  <testcase classname="test.LandingPageTesting" name="clickOnTheFirstCheapestAndCostliestPhoneOnMobilePhonesPage" time="0.0">
    <ignored/>
  </testcase> <!-- clickOnTheFirstCheapestAndCostliestPhoneOnMobilePhonesPage -->
  <testcase classname="test.LandingPageTesting" name="verifySelectedProductIsAvaiableInStockOnProductDetailsPage" time="0.0">
    <ignored/>
  </testcase> <!-- verifySelectedProductIsAvaiableInStockOnProductDetailsPage -->
  <testcase classname="test.LandingPageTesting" name="clickOnTheSecondCheapestAndCostliestPhoneOnMobilePhonesPage" time="0.0">
    <ignored/>
  </testcase> <!-- clickOnTheSecondCheapestAndCostliestPhoneOnMobilePhonesPage -->
  <testcase classname="test.LandingPageTesting" name="verifyUserIsAbleRemoveProductFromAddToCartPageByClickOnRemoveButton" time="0.0">
    <ignored/>
  </testcase> <!-- verifyUserIsAbleRemoveProductFromAddToCartPageByClickOnRemoveButton -->
</testsuite> <!-- Default test -->
